[debug] > Exec(early(addDefaultCommands), None, None)
[debug] > Exec(addDefaultCommands, None, None)
[debug] > Exec(early(initialize), None, None)
[debug] > Exec(initialize, None, None)
[debug] > Exec(boot, None, None)
[debug] > Exec(writeSbtVersion, None, None)
[debug] > Exec(reload, None, None)
[debug] > Exec(sbtStashOnFailure, None, None)
[debug] > Exec(onFailure loadFailed, None, None)
[debug] > Exec(loadp, None, None)
[info] welcome to sbt 1.9.2 (OpenLogic Java 11.0.19)
[debug]       Load.loadUnit: plugins took 193.4458ms
[debug]       Load.loadUnit: defsScala took 0.5848ms
[debug] [Loading] Scanning directory C:\Users\kkweb\.sbt\1.0\plugins
[debug] [Loading] Found non-root projects 
[debug] [Loading] Done in C:\Users\kkweb\.sbt\1.0\plugins, returning: ()
[debug] deducing auto plugins based on known facts Set(Atom(sbt.plugins.CorePlugin)) and clauses Clauses(Clause(Atom(sbt.plugins.JvmPlugin),Set(Atom(sbt.plugins.IvyPlugin)))
[debug] Clause(Atom(sbt.ScriptedPlugin),Set(Atom(sbt.plugins.JvmPlugin)))
[debug] Clause(Atom(sbt.plugins.SbtPlugin),Set(Atom(sbt.ScriptedPlugin)))
[debug] Clause(Atom(sbt.plugins.SemanticdbPlugin),Set(Atom(sbt.plugins.JvmPlugin)))
[debug] Clause(Atom(sbt.plugins.JUnitXmlReportPlugin),Set(Atom(sbt.plugins.JvmPlugin)))
[debug] Clause(Atom(sbt.plugins.MiniDependencyTreePlugin),Set(Atom(sbt.plugins.JvmPlugin)))
[debug] Clause(Atom(sbt.plugins.CorePlugin),Set(Atom(sbt.plugins.IvyPlugin)))
[debug] Clause(Atom(sbt.plugins.IvyPlugin),Set(Atom(sbt.plugins.JvmPlugin)))
[debug] Clause(Atom(sbt.plugins.JvmPlugin),Set(Atom(sbt.plugins.SemanticdbPlugin)))
[debug] Clause(Atom(sbt.plugins.JvmPlugin),Set(Atom(sbt.plugins.JUnitXmlReportPlugin)))
[debug] Clause(Atom(sbt.plugins.CorePlugin),Set(Atom(sbt.plugins.Giter8TemplatePlugin)))
[debug] Clause(Atom(sbt.plugins.JvmPlugin),Set(Atom(sbt.plugins.MiniDependencyTreePlugin))))
[debug]   :: deduced result: Matched(sbt.plugins.CorePlugin,sbt.plugins.Giter8TemplatePlugin,sbt.plugins.IvyPlugin,sbt.plugins.JvmPlugin,sbt.plugins.MiniDependencyTreePlugin,sbt.plugins.JUnitXmlReportPlugin,sbt.plugins.SemanticdbPlugin)
[debug] Plugins.deducer#function took 29.1453 ms
[debug]           Load.resolveProject(global-plugins) took 80.2848ms
[debug]         Load.loadTransitive: finalizeProject(Project(id global-plugins, base: C:\Users\kkweb\.sbt\1.0\plugins, plugins: List(<none>))) took 164.6639ms
[debug] [Loading] Done in C:\Users\kkweb\.sbt\1.0\plugins, returning: (global-plugins)
[debug]       Load.loadUnit: loadedProjectsRaw took 257.2706ms
[debug]       Load.loadUnit: cleanEvalClasses took 1.5427ms
[debug]     Load.loadUnit(file:/C:/Users/kkweb/.sbt/1.0/plugins/, ...) took 470.6683ms
[debug]   Load.apply: load took 877.4744ms
[debug]   Load.apply: resolveProjects took 9.544ms
[debug]   Load.apply: finalTransforms took 87.173ms
[debug]   Load.apply: config.delegates took 12.1464ms
[debug]   Load.apply: Def.make(settings)... took 670.0218ms
[debug]   Load.apply: structureIndex took 150.2542ms
[debug]   Load.apply: mkStreams took 2.3162ms
[info] loading global plugins from C:\Users\kkweb\.sbt\1.0\plugins
[debug] Running task... Cancel: Signal, check cycles: false, forcegc: true
[debug] Load.defaultLoad until apply took 3556.5694ms
[debug]           Load.loadUnit: plugins took 47.3573ms
[debug]           Load.loadUnit: defsScala took 0.0041ms
[debug] [Loading] Scanning directory C:\target_ready\Phase 2\test1\TargetReady-Team2-ClickStreamDatatPipeline\project
[debug] [Loading] Found non-root projects 
[debug] [Loading] Done in C:\target_ready\Phase 2\test1\TargetReady-Team2-ClickStreamDatatPipeline\project, returning: ()
[debug] deducing auto plugins based on known facts Set(Atom(sbt.plugins.CorePlugin)) and clauses Clauses(Clause(Atom(sbt.plugins.JvmPlugin),Set(Atom(sbt.plugins.IvyPlugin)))
[debug] Clause(Atom(sbt.ScriptedPlugin),Set(Atom(sbt.plugins.JvmPlugin)))
[debug] Clause(Atom(sbt.plugins.SbtPlugin),Set(Atom(sbt.ScriptedPlugin)))
[debug] Clause(Atom(sbt.plugins.SemanticdbPlugin),Set(Atom(sbt.plugins.JvmPlugin)))
[debug] Clause(Atom(sbt.plugins.JUnitXmlReportPlugin),Set(Atom(sbt.plugins.JvmPlugin)))
[debug] Clause(Atom(sbt.plugins.MiniDependencyTreePlugin),Set(Atom(sbt.plugins.JvmPlugin)))
[debug] Clause(Atom(sbt.plugins.CorePlugin),Set(Atom(sbt.plugins.IvyPlugin)))
[debug] Clause(Atom(sbt.plugins.IvyPlugin),Set(Atom(sbt.plugins.JvmPlugin)))
[debug] Clause(Atom(sbt.plugins.JvmPlugin),Set(Atom(sbt.plugins.SemanticdbPlugin)))
[debug] Clause(Atom(sbt.plugins.JvmPlugin),Set(Atom(sbt.plugins.JUnitXmlReportPlugin)))
[debug] Clause(Atom(sbt.plugins.CorePlugin),Set(Atom(sbt.plugins.Giter8TemplatePlugin)))
[debug] Clause(Atom(sbt.plugins.JvmPlugin),Set(Atom(sbt.plugins.MiniDependencyTreePlugin))))
[debug]   :: deduced result: Matched(sbt.plugins.CorePlugin,sbt.plugins.Giter8TemplatePlugin,sbt.plugins.IvyPlugin,sbt.plugins.JvmPlugin,sbt.plugins.MiniDependencyTreePlugin,sbt.plugins.JUnitXmlReportPlugin,sbt.plugins.SemanticdbPlugin)
[debug] Plugins.deducer#function took 1.9756 ms
[debug]               Load.resolveProject(targetready-team2-clickstreamdatatpipeline-build) took 2.1963ms
[debug]             Load.loadTransitive: finalizeProject(Project(id targetready-team2-clickstreamdatatpipeline-build, base: C:\target_ready\Phase 2\test1\TargetReady-Team2-ClickStreamDatatPipeline\project, plugins: List(<none>))) took 4.795ms
[debug] [Loading] Done in C:\target_ready\Phase 2\test1\TargetReady-Team2-ClickStreamDatatPipeline\project, returning: (targetready-team2-clickstreamdatatpipeline-build)
[debug]           Load.loadUnit: loadedProjectsRaw took 7.2138ms
[debug]           Load.loadUnit: cleanEvalClasses took 0.0156ms
[debug]         Load.loadUnit(file:/C:/target_ready/Phase%202/test1/TargetReady-Team2-ClickStreamDatatPipeline/project/, ...) took 55.8729ms
[debug]       Load.apply: load took 58.3573ms
[debug]       Load.apply: resolveProjects took 0.1485ms
[debug]       Load.apply: finalTransforms took 12.9ms
[debug]       Load.apply: config.delegates took 0.6537ms
[debug]       Load.apply: Def.make(settings)... took 78.7199ms
[debug]       Load.apply: structureIndex took 34.9606ms
[debug]       Load.apply: mkStreams took 0.0038ms
[info] loading project definition from C:\target_ready\Phase 2\test1\TargetReady-Team2-ClickStreamDatatPipeline\project
[debug] Running task... Cancel: Signal, check cycles: false, forcegc: true
[debug]     Load.loadUnit: plugins took 587.4439ms
[debug]     Load.loadUnit: defsScala took 0.0099ms
[debug] [Loading] Scanning directory C:\target_ready\Phase 2\test1\TargetReady-Team2-ClickStreamDatatPipeline
[debug]       Load.loadUnit: mkEval took 19.1385ms
